[debug] [2024-01-11T09:08:55.498Z] ----------------------------------------------------------------------
[debug] [2024-01-11T09:08:55.501Z] Command:       C:\Program Files\nodejs\node.exe C:\Users\LAKSH\AppData\Roaming\npm\node_modules\firebase-tools\lib\bin\firebase.js init
[debug] [2024-01-11T09:08:55.502Z] CLI Version:   11.14.1
[debug] [2024-01-11T09:08:55.503Z] Platform:      win32
[debug] [2024-01-11T09:08:55.503Z] Node Version:  v18.17.0
[debug] [2024-01-11T09:08:55.504Z] Time:          Thu Jan 11 2024 14:38:55 GMT+0530 (India Standard Time)
[debug] [2024-01-11T09:08:55.505Z] ----------------------------------------------------------------------
[debug] 
[debug] [2024-01-11T09:08:55.510Z] >>> [apiv2][query] GET https://firebase-public.firebaseio.com/cli.json [none]
[debug] [2024-01-11T09:08:55.594Z] > command requires scopes: ["email","openid","https://www.googleapis.com/auth/cloudplatformprojects.readonly","https://www.googleapis.com/auth/firebase","https://www.googleapis.com/auth/cloud-platform"]
[debug] [2024-01-11T09:08:55.594Z] > authorizing via signed-in user (lakshayne@gmail.com)
[info] 
     ######## #### ########  ######## ########     ###     ######  ########
     ##        ##  ##     ## ##       ##     ##  ##   ##  ##       ##
     ######    ##  ########  ######   ########  #########  ######  ######
     ##        ##  ##    ##  ##       ##     ## ##     ##       ## ##
     ##       #### ##     ## ######## ########  ##     ##  ######  ########

You're about to initialize a Firebase project in this directory:

  C:\Users\LAKSH\Documents\hushh\chatbot

[debug] [2024-01-11T09:08:56.373Z] <<< [apiv2][status] GET https://firebase-public.firebaseio.com/cli.json 200
[debug] [2024-01-11T09:08:56.374Z] <<< [apiv2][body] GET https://firebase-public.firebaseio.com/cli.json {"cloudBuildErrorAfter":1594252800000,"cloudBuildWarnAfter":1590019200000,"defaultNode10After":1594252800000,"minVersion":"3.0.5","node8DeploysDisabledAfter":1613390400000,"node8RuntimeDisabledAfter":1615809600000,"node8WarnAfter":1600128000000}
